<?xml version="1.0" encoding="UTF-8"?>
<testsuite xmlns:xsi="http://www.w3.org/2001/XMLSchema-instance" xsi:noNamespaceSchemaLocation="https://maven.apache.org/surefire/maven-surefire-plugin/xsd/surefire-test-report.xsd" name="| 5 | 10 |" time="0.003" tests="3" errors="0" skipped="0" failures="0">
  <properties>
    <property name="sun.desktop" value="windows"/>
    <property name="awt.toolkit" value="sun.awt.windows.WToolkit"/>
    <property name="file.encoding.pkg" value="sun.io"/>
    <property name="java.specification.version" value="1.8"/>
    <property name="sun.cpu.isalist" value="amd64"/>
    <property name="sun.jnu.encoding" value="Cp1252"/>
    <property name="java.class.path" value="D:\QA Selenium\Trail_Workspace\SampleCucumber\target\test-classes;D:\QA Selenium\Trail_Workspace\SampleCucumber\target\classes;C:\Users\bhagavathy_s.SOLARTISTECH\.m2\repository\junit\junit\4.12\junit-4.12.jar;C:\Users\bhagavathy_s.SOLARTISTECH\.m2\repository\org\hamcrest\hamcrest-core\1.3\hamcrest-core-1.3.jar;C:\Users\bhagavathy_s.SOLARTISTECH\.m2\repository\info\cukes\cucumber-junit\1.2.5\cucumber-junit-1.2.5.jar;C:\Users\bhagavathy_s.SOLARTISTECH\.m2\repository\info\cukes\cucumber-java\1.2.5\cucumber-java-1.2.5.jar;C:\Users\bhagavathy_s.SOLARTISTECH\.m2\repository\info\cukes\cucumber-core\1.2.5\cucumber-core-1.2.5.jar;C:\Users\bhagavathy_s.SOLARTISTECH\.m2\repository\info\cukes\cucumber-html\0.2.3\cucumber-html-0.2.3.jar;C:\Users\bhagavathy_s.SOLARTISTECH\.m2\repository\info\cukes\cucumber-jvm-deps\1.0.5\cucumber-jvm-deps-1.0.5.jar;C:\Users\bhagavathy_s.SOLARTISTECH\.m2\repository\com\github\mkolisnyk\cucumber-runner\1.0.8\cucumber-runner-1.0.8.jar;C:\Users\bhagavathy_s.SOLARTISTECH\.m2\repository\com\github\mkolisnyk\cucumber-report-generator\1.0.8\cucumber-report-generator-1.0.8.jar;C:\Users\bhagavathy_s.SOLARTISTECH\.m2\repository\xml-apis\xml-apis\1.4.01\xml-apis-1.4.01.jar;C:\Users\bhagavathy_s.SOLARTISTECH\.m2\repository\batik\batik-transcoder\1.6-1\batik-transcoder-1.6-1.jar;C:\Users\bhagavathy_s.SOLARTISTECH\.m2\repository\batik\batik-bridge\1.6-1\batik-bridge-1.6-1.jar;C:\Users\bhagavathy_s.SOLARTISTECH\.m2\repository\batik\batik-gvt\1.6-1\batik-gvt-1.6-1.jar;C:\Users\bhagavathy_s.SOLARTISTECH\.m2\repository\batik\batik-awt-util\1.6-1\batik-awt-util-1.6-1.jar;C:\Users\bhagavathy_s.SOLARTISTECH\.m2\repository\batik\batik-util\1.6-1\batik-util-1.6-1.jar;C:\Users\bhagavathy_s.SOLARTISTECH\.m2\repository\batik\batik-gui-util\1.6-1\batik-gui-util-1.6-1.jar;C:\Users\bhagavathy_s.SOLARTISTECH\.m2\repository\batik\batik-ext\1.6-1\batik-ext-1.6-1.jar;C:\Users\bhagavathy_s.SOLARTISTECH\.m2\repository\xml-apis\xmlParserAPIs\2.0.2\xmlParserAPIs-2.0.2.jar;C:\Users\bhagavathy_s.SOLARTISTECH\.m2\repository\batik\batik-script\1.6-1\batik-script-1.6-1.jar;C:\Users\bhagavathy_s.SOLARTISTECH\.m2\repository\rhino\js\1.5R4.1\js-1.5R4.1.jar;C:\Users\bhagavathy_s.SOLARTISTECH\.m2\repository\batik\batik-svg-dom\1.6-1\batik-svg-dom-1.6-1.jar;C:\Users\bhagavathy_s.SOLARTISTECH\.m2\repository\batik\batik-dom\1.6-1\batik-dom-1.6-1.jar;C:\Users\bhagavathy_s.SOLARTISTECH\.m2\repository\batik\batik-css\1.6-1\batik-css-1.6-1.jar;C:\Users\bhagavathy_s.SOLARTISTECH\.m2\repository\batik\batik-xml\1.6-1\batik-xml-1.6-1.jar;C:\Users\bhagavathy_s.SOLARTISTECH\.m2\repository\xerces\xercesImpl\2.5.0\xercesImpl-2.5.0.jar;C:\Users\bhagavathy_s.SOLARTISTECH\.m2\repository\batik\batik-parser\1.6-1\batik-parser-1.6-1.jar;C:\Users\bhagavathy_s.SOLARTISTECH\.m2\repository\com\itextpdf\itextpdf\5.5.10\itextpdf-5.5.10.jar;C:\Users\bhagavathy_s.SOLARTISTECH\.m2\repository\com\cedarsoftware\json-io\4.8.0\json-io-4.8.0.jar;C:\Users\bhagavathy_s.SOLARTISTECH\.m2\repository\info\cukes\cucumber-testng\1.2.5\cucumber-testng-1.2.5.jar;C:\Users\bhagavathy_s.SOLARTISTECH\.m2\repository\org\testng\testng\6.9.10\testng-6.9.10.jar;C:\Users\bhagavathy_s.SOLARTISTECH\.m2\repository\com\beust\jcommander\1.48\jcommander-1.48.jar;C:\Users\bhagavathy_s.SOLARTISTECH\.m2\repository\org\beanshell\bsh\2.0b4\bsh-2.0b4.jar;C:\Users\bhagavathy_s.SOLARTISTECH\.m2\repository\org\xhtmlrenderer\flying-saucer-pdf\9.0.9\flying-saucer-pdf-9.0.9.jar;C:\Users\bhagavathy_s.SOLARTISTECH\.m2\repository\com\lowagie\itext\2.1.7\itext-2.1.7.jar;C:\Users\bhagavathy_s.SOLARTISTECH\.m2\repository\bouncycastle\bcmail-jdk14\138\bcmail-jdk14-138.jar;C:\Users\bhagavathy_s.SOLARTISTECH\.m2\repository\bouncycastle\bcprov-jdk14\138\bcprov-jdk14-138.jar;C:\Users\bhagavathy_s.SOLARTISTECH\.m2\repository\org\bouncycastle\bctsp-jdk14\1.38\bctsp-jdk14-1.38.jar;C:\Users\bhagavathy_s.SOLARTISTECH\.m2\repository\org\xhtmlrenderer\flying-saucer-core\9.0.9\flying-saucer-core-9.0.9.jar;C:\Users\bhagavathy_s.SOLARTISTECH\.m2\repository\org\apache\commons\commons-lang3\3.4\commons-lang3-3.4.jar;C:\Users\bhagavathy_s.SOLARTISTECH\.m2\repository\commons-codec\commons-codec\1.10\commons-codec-1.10.jar;C:\Users\bhagavathy_s.SOLARTISTECH\.m2\repository\org\javassist\javassist\3.22.0-CR1\javassist-3.22.0-CR1.jar;C:\Users\bhagavathy_s.SOLARTISTECH\.m2\repository\joda-time\joda-time\2.9.4\joda-time-2.9.4.jar;C:\Users\bhagavathy_s.SOLARTISTECH\.m2\repository\org\codehaus\plexus\plexus-utils\3.0.1\plexus-utils-3.0.1.jar;C:\Users\bhagavathy_s.SOLARTISTECH\.m2\repository\org\apache\maven\maven-plugin-api\2.0\maven-plugin-api-2.0.jar;C:\Users\bhagavathy_s.SOLARTISTECH\.m2\repository\org\apache\maven\reporting\maven-reporting-api\2.0.8\maven-reporting-api-2.0.8.jar;C:\Users\bhagavathy_s.SOLARTISTECH\.m2\repository\org\apache\maven\doxia\doxia-sink-api\1.0-alpha-9\doxia-sink-api-1.0-alpha-9.jar;C:\Users\bhagavathy_s.SOLARTISTECH\.m2\repository\org\apache\maven\reporting\maven-reporting-impl\2.0.4.3\maven-reporting-impl-2.0.4.3.jar;C:\Users\bhagavathy_s.SOLARTISTECH\.m2\repository\org\apache\maven\maven-project\2.0.4\maven-project-2.0.4.jar;C:\Users\bhagavathy_s.SOLARTISTECH\.m2\repository\org\apache\maven\maven-settings\2.0.4\maven-settings-2.0.4.jar;C:\Users\bhagavathy_s.SOLARTISTECH\.m2\repository\org\apache\maven\maven-profile\2.0.4\maven-profile-2.0.4.jar;C:\Users\bhagavathy_s.SOLARTISTECH\.m2\repository\org\apache\maven\maven-model\2.0.4\maven-model-2.0.4.jar;C:\Users\bhagavathy_s.SOLARTISTECH\.m2\repository\org\apache\maven\maven-artifact-manager\2.0.4\maven-artifact-manager-2.0.4.jar;C:\Users\bhagavathy_s.SOLARTISTECH\.m2\repository\org\apache\maven\maven-repository-metadata\2.0.4\maven-repository-metadata-2.0.4.jar;C:\Users\bhagavathy_s.SOLARTISTECH\.m2\repository\org\apache\maven\wagon\wagon-provider-api\1.0-alpha-6\wagon-provider-api-1.0-alpha-6.jar;C:\Users\bhagavathy_s.SOLARTISTECH\.m2\repository\org\apache\maven\maven-artifact\2.0.4\maven-artifact-2.0.4.jar;C:\Users\bhagavathy_s.SOLARTISTECH\.m2\repository\org\codehaus\plexus\plexus-container-default\1.0-alpha-9\plexus-container-default-1.0-alpha-9.jar;C:\Users\bhagavathy_s.SOLARTISTECH\.m2\repository\classworlds\classworlds\1.1-alpha-2\classworlds-1.1-alpha-2.jar;C:\Users\bhagavathy_s.SOLARTISTECH\.m2\repository\org\apache\maven\doxia\doxia-core\1.0\doxia-core-1.0.jar;C:\Users\bhagavathy_s.SOLARTISTECH\.m2\repository\org\apache\maven\doxia\doxia-site-renderer\1.0\doxia-site-renderer-1.0.jar;C:\Users\bhagavathy_s.SOLARTISTECH\.m2\repository\org\codehaus\plexus\plexus-i18n\1.0-beta-7\plexus-i18n-1.0-beta-7.jar;C:\Users\bhagavathy_s.SOLARTISTECH\.m2\repository\org\codehaus\plexus\plexus-velocity\1.1.7\plexus-velocity-1.1.7.jar;C:\Users\bhagavathy_s.SOLARTISTECH\.m2\repository\org\apache\velocity\velocity\1.5\velocity-1.5.jar;C:\Users\bhagavathy_s.SOLARTISTECH\.m2\repository\commons-lang\commons-lang\2.1\commons-lang-2.1.jar;C:\Users\bhagavathy_s.SOLARTISTECH\.m2\repository\org\apache\maven\doxia\doxia-decoration-model\1.0\doxia-decoration-model-1.0.jar;C:\Users\bhagavathy_s.SOLARTISTECH\.m2\repository\commons-collections\commons-collections\3.2\commons-collections-3.2.jar;C:\Users\bhagavathy_s.SOLARTISTECH\.m2\repository\org\apache\maven\doxia\doxia-module-apt\1.0\doxia-module-apt-1.0.jar;C:\Users\bhagavathy_s.SOLARTISTECH\.m2\repository\org\apache\maven\doxia\doxia-module-fml\1.0\doxia-module-fml-1.0.jar;C:\Users\bhagavathy_s.SOLARTISTECH\.m2\repository\org\apache\maven\doxia\doxia-module-xdoc\1.0\doxia-module-xdoc-1.0.jar;C:\Users\bhagavathy_s.SOLARTISTECH\.m2\repository\org\apache\maven\doxia\doxia-module-xhtml\1.0\doxia-module-xhtml-1.0.jar;C:\Users\bhagavathy_s.SOLARTISTECH\.m2\repository\commons-validator\commons-validator\1.2.0\commons-validator-1.2.0.jar;C:\Users\bhagavathy_s.SOLARTISTECH\.m2\repository\commons-beanutils\commons-beanutils\1.7.0\commons-beanutils-1.7.0.jar;C:\Users\bhagavathy_s.SOLARTISTECH\.m2\repository\commons-digester\commons-digester\1.6\commons-digester-1.6.jar;C:\Users\bhagavathy_s.SOLARTISTECH\.m2\repository\commons-logging\commons-logging\1.0.4\commons-logging-1.0.4.jar;C:\Users\bhagavathy_s.SOLARTISTECH\.m2\repository\oro\oro\2.0.8\oro-2.0.8.jar;C:\Users\bhagavathy_s.SOLARTISTECH\.m2\repository\org\apache\maven\shared\maven-doxia-tools\1.0.2\maven-doxia-tools-1.0.2.jar;C:\Users\bhagavathy_s.SOLARTISTECH\.m2\repository\commons-io\commons-io\1.4\commons-io-1.4.jar;C:\Users\bhagavathy_s.SOLARTISTECH\.m2\repository\info\cukes\gherkin\2.12.2\gherkin-2.12.2.jar;C:\Users\bhagavathy_s.SOLARTISTECH\.m2\repository\com\google\code\gson\gson\2.8.2\gson-2.8.2.jar;C:\Users\bhagavathy_s.SOLARTISTECH\.m2\repository\org\apache\maven\surefire\surefire-testng-utils\2.20.1\surefire-testng-utils-2.20.1.jar;C:\Users\bhagavathy_s.SOLARTISTECH\.m2\repository\org\apache\maven\surefire\surefire-grouper\2.20.1\surefire-grouper-2.20.1.jar;"/>
    <property name="java.vm.vendor" value="Oracle Corporation"/>
    <property name="sun.arch.data.model" value="64"/>
    <property name="user.variant" value=""/>
    <property name="java.vendor.url" value="http://java.oracle.com/"/>
    <property name="user.timezone" value="Asia/Calcutta"/>
    <property name="java.vm.specification.version" value="1.8"/>
    <property name="os.name" value="Windows 7"/>
    <property name="user.country" value="US"/>
    <property name="sun.java.launcher" value="SUN_STANDARD"/>
    <property name="sun.boot.library.path" value="C:\Program Files\Java\jdk1.8.0_141\jre\bin"/>
    <property name="sun.java.command" value="C:\Users\BHAGAV~1.SOL\AppData\Local\Temp\surefire5681391778582400932\surefirebooter558400397707869296.jar C:\Users\bhagavathy_s.SOLARTISTECH\AppData\Local\Temp\surefire5681391778582400932 2018-03-05T15-23-26_143-jvmRun2 surefire7266500220282002048tmp surefire_12997643010673515024tmp"/>
    <property name="surefire.test.class.path" value="D:\QA Selenium\Trail_Workspace\SampleCucumber\target\test-classes;D:\QA Selenium\Trail_Workspace\SampleCucumber\target\classes;C:\Users\bhagavathy_s.SOLARTISTECH\.m2\repository\junit\junit\4.12\junit-4.12.jar;C:\Users\bhagavathy_s.SOLARTISTECH\.m2\repository\org\hamcrest\hamcrest-core\1.3\hamcrest-core-1.3.jar;C:\Users\bhagavathy_s.SOLARTISTECH\.m2\repository\info\cukes\cucumber-junit\1.2.5\cucumber-junit-1.2.5.jar;C:\Users\bhagavathy_s.SOLARTISTECH\.m2\repository\info\cukes\cucumber-java\1.2.5\cucumber-java-1.2.5.jar;C:\Users\bhagavathy_s.SOLARTISTECH\.m2\repository\info\cukes\cucumber-core\1.2.5\cucumber-core-1.2.5.jar;C:\Users\bhagavathy_s.SOLARTISTECH\.m2\repository\info\cukes\cucumber-html\0.2.3\cucumber-html-0.2.3.jar;C:\Users\bhagavathy_s.SOLARTISTECH\.m2\repository\info\cukes\cucumber-jvm-deps\1.0.5\cucumber-jvm-deps-1.0.5.jar;C:\Users\bhagavathy_s.SOLARTISTECH\.m2\repository\com\github\mkolisnyk\cucumber-runner\1.0.8\cucumber-runner-1.0.8.jar;C:\Users\bhagavathy_s.SOLARTISTECH\.m2\repository\com\github\mkolisnyk\cucumber-report-generator\1.0.8\cucumber-report-generator-1.0.8.jar;C:\Users\bhagavathy_s.SOLARTISTECH\.m2\repository\xml-apis\xml-apis\1.4.01\xml-apis-1.4.01.jar;C:\Users\bhagavathy_s.SOLARTISTECH\.m2\repository\batik\batik-transcoder\1.6-1\batik-transcoder-1.6-1.jar;C:\Users\bhagavathy_s.SOLARTISTECH\.m2\repository\batik\batik-bridge\1.6-1\batik-bridge-1.6-1.jar;C:\Users\bhagavathy_s.SOLARTISTECH\.m2\repository\batik\batik-gvt\1.6-1\batik-gvt-1.6-1.jar;C:\Users\bhagavathy_s.SOLARTISTECH\.m2\repository\batik\batik-awt-util\1.6-1\batik-awt-util-1.6-1.jar;C:\Users\bhagavathy_s.SOLARTISTECH\.m2\repository\batik\batik-util\1.6-1\batik-util-1.6-1.jar;C:\Users\bhagavathy_s.SOLARTISTECH\.m2\repository\batik\batik-gui-util\1.6-1\batik-gui-util-1.6-1.jar;C:\Users\bhagavathy_s.SOLARTISTECH\.m2\repository\batik\batik-ext\1.6-1\batik-ext-1.6-1.jar;C:\Users\bhagavathy_s.SOLARTISTECH\.m2\repository\xml-apis\xmlParserAPIs\2.0.2\xmlParserAPIs-2.0.2.jar;C:\Users\bhagavathy_s.SOLARTISTECH\.m2\repository\batik\batik-script\1.6-1\batik-script-1.6-1.jar;C:\Users\bhagavathy_s.SOLARTISTECH\.m2\repository\rhino\js\1.5R4.1\js-1.5R4.1.jar;C:\Users\bhagavathy_s.SOLARTISTECH\.m2\repository\batik\batik-svg-dom\1.6-1\batik-svg-dom-1.6-1.jar;C:\Users\bhagavathy_s.SOLARTISTECH\.m2\repository\batik\batik-dom\1.6-1\batik-dom-1.6-1.jar;C:\Users\bhagavathy_s.SOLARTISTECH\.m2\repository\batik\batik-css\1.6-1\batik-css-1.6-1.jar;C:\Users\bhagavathy_s.SOLARTISTECH\.m2\repository\batik\batik-xml\1.6-1\batik-xml-1.6-1.jar;C:\Users\bhagavathy_s.SOLARTISTECH\.m2\repository\xerces\xercesImpl\2.5.0\xercesImpl-2.5.0.jar;C:\Users\bhagavathy_s.SOLARTISTECH\.m2\repository\batik\batik-parser\1.6-1\batik-parser-1.6-1.jar;C:\Users\bhagavathy_s.SOLARTISTECH\.m2\repository\com\itextpdf\itextpdf\5.5.10\itextpdf-5.5.10.jar;C:\Users\bhagavathy_s.SOLARTISTECH\.m2\repository\com\cedarsoftware\json-io\4.8.0\json-io-4.8.0.jar;C:\Users\bhagavathy_s.SOLARTISTECH\.m2\repository\info\cukes\cucumber-testng\1.2.5\cucumber-testng-1.2.5.jar;C:\Users\bhagavathy_s.SOLARTISTECH\.m2\repository\org\testng\testng\6.9.10\testng-6.9.10.jar;C:\Users\bhagavathy_s.SOLARTISTECH\.m2\repository\com\beust\jcommander\1.48\jcommander-1.48.jar;C:\Users\bhagavathy_s.SOLARTISTECH\.m2\repository\org\beanshell\bsh\2.0b4\bsh-2.0b4.jar;C:\Users\bhagavathy_s.SOLARTISTECH\.m2\repository\org\xhtmlrenderer\flying-saucer-pdf\9.0.9\flying-saucer-pdf-9.0.9.jar;C:\Users\bhagavathy_s.SOLARTISTECH\.m2\repository\com\lowagie\itext\2.1.7\itext-2.1.7.jar;C:\Users\bhagavathy_s.SOLARTISTECH\.m2\repository\bouncycastle\bcmail-jdk14\138\bcmail-jdk14-138.jar;C:\Users\bhagavathy_s.SOLARTISTECH\.m2\repository\bouncycastle\bcprov-jdk14\138\bcprov-jdk14-138.jar;C:\Users\bhagavathy_s.SOLARTISTECH\.m2\repository\org\bouncycastle\bctsp-jdk14\1.38\bctsp-jdk14-1.38.jar;C:\Users\bhagavathy_s.SOLARTISTECH\.m2\repository\org\xhtmlrenderer\flying-saucer-core\9.0.9\flying-saucer-core-9.0.9.jar;C:\Users\bhagavathy_s.SOLARTISTECH\.m2\repository\org\apache\commons\commons-lang3\3.4\commons-lang3-3.4.jar;C:\Users\bhagavathy_s.SOLARTISTECH\.m2\repository\commons-codec\commons-codec\1.10\commons-codec-1.10.jar;C:\Users\bhagavathy_s.SOLARTISTECH\.m2\repository\org\javassist\javassist\3.22.0-CR1\javassist-3.22.0-CR1.jar;C:\Users\bhagavathy_s.SOLARTISTECH\.m2\repository\joda-time\joda-time\2.9.4\joda-time-2.9.4.jar;C:\Users\bhagavathy_s.SOLARTISTECH\.m2\repository\org\codehaus\plexus\plexus-utils\3.0.1\plexus-utils-3.0.1.jar;C:\Users\bhagavathy_s.SOLARTISTECH\.m2\repository\org\apache\maven\maven-plugin-api\2.0\maven-plugin-api-2.0.jar;C:\Users\bhagavathy_s.SOLARTISTECH\.m2\repository\org\apache\maven\reporting\maven-reporting-api\2.0.8\maven-reporting-api-2.0.8.jar;C:\Users\bhagavathy_s.SOLARTISTECH\.m2\repository\org\apache\maven\doxia\doxia-sink-api\1.0-alpha-9\doxia-sink-api-1.0-alpha-9.jar;C:\Users\bhagavathy_s.SOLARTISTECH\.m2\repository\org\apache\maven\reporting\maven-reporting-impl\2.0.4.3\maven-reporting-impl-2.0.4.3.jar;C:\Users\bhagavathy_s.SOLARTISTECH\.m2\repository\org\apache\maven\maven-project\2.0.4\maven-project-2.0.4.jar;C:\Users\bhagavathy_s.SOLARTISTECH\.m2\repository\org\apache\maven\maven-settings\2.0.4\maven-settings-2.0.4.jar;C:\Users\bhagavathy_s.SOLARTISTECH\.m2\repository\org\apache\maven\maven-profile\2.0.4\maven-profile-2.0.4.jar;C:\Users\bhagavathy_s.SOLARTISTECH\.m2\repository\org\apache\maven\maven-model\2.0.4\maven-model-2.0.4.jar;C:\Users\bhagavathy_s.SOLARTISTECH\.m2\repository\org\apache\maven\maven-artifact-manager\2.0.4\maven-artifact-manager-2.0.4.jar;C:\Users\bhagavathy_s.SOLARTISTECH\.m2\repository\org\apache\maven\maven-repository-metadata\2.0.4\maven-repository-metadata-2.0.4.jar;C:\Users\bhagavathy_s.SOLARTISTECH\.m2\repository\org\apache\maven\wagon\wagon-provider-api\1.0-alpha-6\wagon-provider-api-1.0-alpha-6.jar;C:\Users\bhagavathy_s.SOLARTISTECH\.m2\repository\org\apache\maven\maven-artifact\2.0.4\maven-artifact-2.0.4.jar;C:\Users\bhagavathy_s.SOLARTISTECH\.m2\repository\org\codehaus\plexus\plexus-container-default\1.0-alpha-9\plexus-container-default-1.0-alpha-9.jar;C:\Users\bhagavathy_s.SOLARTISTECH\.m2\repository\classworlds\classworlds\1.1-alpha-2\classworlds-1.1-alpha-2.jar;C:\Users\bhagavathy_s.SOLARTISTECH\.m2\repository\org\apache\maven\doxia\doxia-core\1.0\doxia-core-1.0.jar;C:\Users\bhagavathy_s.SOLARTISTECH\.m2\repository\org\apache\maven\doxia\doxia-site-renderer\1.0\doxia-site-renderer-1.0.jar;C:\Users\bhagavathy_s.SOLARTISTECH\.m2\repository\org\codehaus\plexus\plexus-i18n\1.0-beta-7\plexus-i18n-1.0-beta-7.jar;C:\Users\bhagavathy_s.SOLARTISTECH\.m2\repository\org\codehaus\plexus\plexus-velocity\1.1.7\plexus-velocity-1.1.7.jar;C:\Users\bhagavathy_s.SOLARTISTECH\.m2\repository\org\apache\velocity\velocity\1.5\velocity-1.5.jar;C:\Users\bhagavathy_s.SOLARTISTECH\.m2\repository\commons-lang\commons-lang\2.1\commons-lang-2.1.jar;C:\Users\bhagavathy_s.SOLARTISTECH\.m2\repository\org\apache\maven\doxia\doxia-decoration-model\1.0\doxia-decoration-model-1.0.jar;C:\Users\bhagavathy_s.SOLARTISTECH\.m2\repository\commons-collections\commons-collections\3.2\commons-collections-3.2.jar;C:\Users\bhagavathy_s.SOLARTISTECH\.m2\repository\org\apache\maven\doxia\doxia-module-apt\1.0\doxia-module-apt-1.0.jar;C:\Users\bhagavathy_s.SOLARTISTECH\.m2\repository\org\apache\maven\doxia\doxia-module-fml\1.0\doxia-module-fml-1.0.jar;C:\Users\bhagavathy_s.SOLARTISTECH\.m2\repository\org\apache\maven\doxia\doxia-module-xdoc\1.0\doxia-module-xdoc-1.0.jar;C:\Users\bhagavathy_s.SOLARTISTECH\.m2\repository\org\apache\maven\doxia\doxia-module-xhtml\1.0\doxia-module-xhtml-1.0.jar;C:\Users\bhagavathy_s.SOLARTISTECH\.m2\repository\commons-validator\commons-validator\1.2.0\commons-validator-1.2.0.jar;C:\Users\bhagavathy_s.SOLARTISTECH\.m2\repository\commons-beanutils\commons-beanutils\1.7.0\commons-beanutils-1.7.0.jar;C:\Users\bhagavathy_s.SOLARTISTECH\.m2\repository\commons-digester\commons-digester\1.6\commons-digester-1.6.jar;C:\Users\bhagavathy_s.SOLARTISTECH\.m2\repository\commons-logging\commons-logging\1.0.4\commons-logging-1.0.4.jar;C:\Users\bhagavathy_s.SOLARTISTECH\.m2\repository\oro\oro\2.0.8\oro-2.0.8.jar;C:\Users\bhagavathy_s.SOLARTISTECH\.m2\repository\org\apache\maven\shared\maven-doxia-tools\1.0.2\maven-doxia-tools-1.0.2.jar;C:\Users\bhagavathy_s.SOLARTISTECH\.m2\repository\commons-io\commons-io\1.4\commons-io-1.4.jar;C:\Users\bhagavathy_s.SOLARTISTECH\.m2\repository\info\cukes\gherkin\2.12.2\gherkin-2.12.2.jar;C:\Users\bhagavathy_s.SOLARTISTECH\.m2\repository\com\google\code\gson\gson\2.8.2\gson-2.8.2.jar;C:\Users\bhagavathy_s.SOLARTISTECH\.m2\repository\org\apache\maven\surefire\surefire-testng-utils\2.20.1\surefire-testng-utils-2.20.1.jar;C:\Users\bhagavathy_s.SOLARTISTECH\.m2\repository\org\apache\maven\surefire\surefire-grouper\2.20.1\surefire-grouper-2.20.1.jar;"/>
    <property name="sun.cpu.endian" value="little"/>
    <property name="user.home" value="C:\Users\bhagavathy_s.SOLARTISTECH"/>
    <property name="user.language" value="en"/>
    <property name="java.specification.vendor" value="Oracle Corporation"/>
    <property name="java.home" value="C:\Program Files\Java\jdk1.8.0_141\jre"/>
    <property name="basedir" value="D:\QA Selenium\Trail_Workspace\SampleCucumber"/>
    <property name="file.separator" value="\"/>
    <property name="line.separator" value="&#10;"/>
    <property name="java.vm.specification.vendor" value="Oracle Corporation"/>
    <property name="java.specification.name" value="Java Platform API Specification"/>
    <property name="java.awt.graphicsenv" value="sun.awt.Win32GraphicsEnvironment"/>
    <property name="surefire.real.class.path" value="C:\Users\BHAGAV~1.SOL\AppData\Local\Temp\surefire5681391778582400932\surefirebooter558400397707869296.jar"/>
    <property name="sun.boot.class.path" value="C:\Program Files\Java\jdk1.8.0_141\jre\lib\resources.jar;C:\Program Files\Java\jdk1.8.0_141\jre\lib\rt.jar;C:\Program Files\Java\jdk1.8.0_141\jre\lib\sunrsasign.jar;C:\Program Files\Java\jdk1.8.0_141\jre\lib\jsse.jar;C:\Program Files\Java\jdk1.8.0_141\jre\lib\jce.jar;C:\Program Files\Java\jdk1.8.0_141\jre\lib\charsets.jar;C:\Program Files\Java\jdk1.8.0_141\jre\lib\jfr.jar;C:\Program Files\Java\jdk1.8.0_141\jre\classes;C:\PROGRA~2\HP\QUICKT~1\bin\JAVA_S~1\classes;C:\PROGRA~2\HP\QUICKT~1\bin\JAVA_S~1\classes\jasmine.jar"/>
    <property name="user.script" value=""/>
    <property name="sun.management.compiler" value="HotSpot 64-Bit Tiered Compilers"/>
    <property name="java.runtime.version" value="1.8.0_141-b15"/>
    <property name="user.name" value="bhagavathy_s"/>
    <property name="path.separator" value=";"/>
    <property name="os.version" value="6.1"/>
    <property name="java.endorsed.dirs" value="C:\Program Files\Java\jdk1.8.0_141\jre\lib\endorsed"/>
    <property name="java.runtime.name" value="Java(TM) SE Runtime Environment"/>
    <property name="file.encoding" value="Cp1252"/>
    <property name="java.vm.name" value="Java HotSpot(TM) 64-Bit Server VM"/>
    <property name="localRepository" value="C:\Users\bhagavathy_s.SOLARTISTECH\.m2\repository"/>
    <property name="java.vendor.url.bug" value="http://bugreport.sun.com/bugreport/"/>
    <property name="java.io.tmpdir" value="C:\Users\BHAGAV~1.SOL\AppData\Local\Temp\"/>
    <property name="java.version" value="1.8.0_141"/>
    <property name="user.dir" value="D:\QA Selenium\Trail_Workspace\SampleCucumber"/>
    <property name="os.arch" value="amd64"/>
    <property name="java.vm.specification.name" value="Java Virtual Machine Specification"/>
    <property name="java.awt.printerjob" value="sun.awt.windows.WPrinterJob"/>
    <property name="sun.os.patch.level" value="Service Pack 1"/>
    <property name="java.library.path" value="C:\Program Files\Java\jdk1.8.0_141\jre\bin;C:\Windows\Sun\Java\bin;C:\Windows\system32;C:\Windows;C:/Program Files/Java/jre1.8.0_131/bin/server;C:/Program Files/Java/jre1.8.0_131/bin;C:/Program Files/Java/jre1.8.0_131/lib/amd64;C:\Program Files (x86)\NVIDIA Corporation\PhysX\Common;C:\Windows\system32;C:\Windows;C:\Windows\System32\Wbem;C:\Windows\System32\WindowsPowerShell\v1.0\;C:\Program Files\Java\jre1.8.0_131\bin\;D:\QA Selenium\Eclipse Luna\eclipse;;C:\Program Files (x86)\HP\QuickTest Professional\bin;."/>
    <property name="java.vm.info" value="mixed mode"/>
    <property name="java.vendor" value="Oracle Corporation"/>
    <property name="java.vm.version" value="25.141-b15"/>
    <property name="java.ext.dirs" value="C:\Program Files\Java\jdk1.8.0_141\jre\lib\ext;C:\Windows\Sun\Java\lib\ext"/>
    <property name="sun.io.unicode.encoding" value="UnicodeLittle"/>
    <property name="java.class.version" value="52.0"/>
  </properties>
  <testcase name="| 5 | 10 |" classname="| 5 | 10 |" time="0"/>
  <testcase name="Given user adds &quot;5&quot; and &quot;10&quot;" classname="| 5 | 10 |" time="0"/>
  <testcase name="Then message displayed Values Added" classname="| 5 | 10 |" time="0"/>
</testsuite>